# JRE version: OpenJDK Runtime Environment (8.0_202-b08) (build 1.8.0_202-b08)
# Java VM: OpenJDK 64-Bit Server VM (25.202-b08 mixed mode windows-amd64 compressed oops)
Heap:
 PSYoungGen      total 72704K, used 21402K [0x00000000d5f80000, 0x00000000dbe80000, 0x0000000100000000)
  eden space 66560K, 25% used [0x00000000d5f80000,0x00000000d7011418,0x00000000da080000)
  from space 6144K, 72% used [0x00000000da080000,0x00000000da4d5698,0x00000000da680000)
  to   space 6144K, 0% used [0x00000000db880000,0x00000000db880000,0x00000000dbe80000)
 ParOldGen       total 55808K, used 9515K [0x0000000081e00000, 0x0000000085480000, 0x00000000d5f80000)
  object space 55808K, 17% used [0x0000000081e00000,0x000000008274ae80,0x0000000085480000)
 Metaspace       used 33351K, capacity 33660K, committed 33920K, reserved 1079296K
  class space    used 4068K, capacity 4203K, committed 4224K, reserved 1048576K
GC Heap History (10 events):
Event: 4.796 GC heap before
{Heap before GC invocations=10 (full 0):
 PSYoungGen      total 37376K, used 14402K [0x00000000d5f80000, 0x00000000d9c80000, 0x0000000100000000)
  eden space 31232K, 33% used [0x00000000d5f80000,0x00000000d69d56f0,0x00000000d7e00000)
  from space 6144K, 62% used [0x00000000d7e00000,0x00000000d81bb2d8,0x00000000d8400000)
  to   space 6144K, 0% used [0x00000000d9680000,0x00000000d9680000,0x00000000d9c80000)
 ParOldGen       total 87552K, used 3598K [0x0000000081e00000, 0x0000000087380000, 0x00000000d5f80000)
  object space 87552K, 4% used [0x0000000081e00000,0x0000000082183860,0x0000000087380000)
 Metaspace       used 20902K, capacity 21042K, committed 21248K, reserved 1067008K
  class space    used 2642K, capacity 2694K, committed 2816K, reserved 1048576K
Event: 4.799 GC heap after
Heap after GC invocations=10 (full 0):
 PSYoungGen      total 56320K, used 1493K [0x00000000d5f80000, 0x00000000d9c80000, 0x0000000100000000)
  eden space 50176K, 0% used [0x00000000d5f80000,0x00000000d5f80000,0x00000000d9080000)
  from space 6144K, 24% used [0x00000000d9680000,0x00000000d97f5498,0x00000000d9c80000)
  to   space 6144K, 0% used [0x00000000d9080000,0x00000000d9080000,0x00000000d9680000)
 ParOldGen       total 87552K, used 5307K [0x0000000081e00000, 0x0000000087380000, 0x00000000d5f80000)
  object space 87552K, 6% used [0x0000000081e00000,0x000000008232ecc8,0x0000000087380000)
 Metaspace       used 20902K, capacity 21042K, committed 21248K, reserved 1067008K
  class space    used 2642K, capacity 2694K, committed 2816K, reserved 1048576K
}
Event: 4.799 GC heap before
{Heap before GC invocations=11 (full 1):
 PSYoungGen      total 56320K, used 1493K [0x00000000d5f80000, 0x00000000d9c80000, 0x0000000100000000)
  eden space 50176K, 0% used [0x00000000d5f80000,0x00000000d5f80000,0x00000000d9080000)
  from space 6144K, 24% used [0x00000000d9680000,0x00000000d97f5498,0x00000000d9c80000)
  to   space 6144K, 0% used [0x00000000d9080000,0x00000000d9080000,0x00000000d9680000)
 ParOldGen       total 87552K, used 5307K [0x0000000081e00000, 0x0000000087380000, 0x00000000d5f80000)
  object space 87552K, 6% used [0x0000000081e00000,0x000000008232ecc8,0x0000000087380000)
 Metaspace       used 20902K, capacity 21042K, committed 21248K, reserved 1067008K
  class space    used 2642K, capacity 2694K, committed 2816K, reserved 1048576K
Event: 4.858 GC heap after
Heap after GC invocations=11 (full 1):
 PSYoungGen      total 56320K, used 0K [0x00000000d5f80000, 0x00000000d9c80000, 0x0000000100000000)
  eden space 50176K, 0% used [0x00000000d5f80000,0x00000000d5f80000,0x00000000d9080000)
  from space 6144K, 0% used [0x00000000d9680000,0x00000000d9680000,0x00000000d9c80000)
  to   space 6144K, 0% used [0x00000000d9080000,0x00000000d9080000,0x00000000d9680000)
 ParOldGen       total 55808K, used 6418K [0x0000000081e00000, 0x0000000085480000, 0x00000000d5f80000)
  object space 55808K, 11% used [0x0000000081e00000,0x0000000082444890,0x0000000085480000)
 Metaspace       used 20902K, capacity 21042K, committed 21248K, reserved 1067008K
  class space    used 2642K, capacity 2694K, committed 2816K, reserved 1048576K
}
Event: 5.856 GC heap before
{Heap before GC invocations=12 (full 1):
 PSYoungGen      total 56320K, used 50176K [0x00000000d5f80000, 0x00000000d9c80000, 0x0000000100000000)
  eden space 50176K, 100% used [0x00000000d5f80000,0x00000000d9080000,0x00000000d9080000)
  from space 6144K, 0% used [0x00000000d9680000,0x00000000d9680000,0x00000000d9c80000)
  to   space 6144K, 0% used [0x00000000d9080000,0x00000000d9080000,0x00000000d9680000)
 ParOldGen       total 55808K, used 6418K [0x0000000081e00000, 0x0000000085480000, 0x00000000d5f80000)
  object space 55808K, 11% used [0x0000000081e00000,0x0000000082444890,0x0000000085480000)
 Metaspace       used 24422K, capacity 24606K, committed 24960K, reserved 1071104K
  class space    used 3048K, capacity 3096K, committed 3200K, reserved 1048576K
Event: 5.860 GC heap after
Heap after GC invocations=12 (full 1):
 PSYoungGen      total 56320K, used 3712K [0x00000000d5f80000, 0x00000000dac80000, 0x0000000100000000)
  eden space 50176K, 0% used [0x00000000d5f80000,0x00000000d5f80000,0x00000000d9080000)
  from space 6144K, 60% used [0x00000000d9080000,0x00000000d94202d0,0x00000000d9680000)
  to   space 6144K, 0% used [0x00000000da680000,0x00000000da680000,0x00000000dac80000)
 ParOldGen       total 55808K, used 6426K [0x0000000081e00000, 0x0000000085480000, 0x00000000d5f80000)
  object space 55808K, 11% used [0x0000000081e00000,0x0000000082446890,0x0000000085480000)
 Metaspace       used 24422K, capacity 24606K, committed 24960K, reserved 1071104K
  class space    used 3048K, capacity 3096K, committed 3200K, reserved 1048576K
}
Event: 6.108 GC heap before
{Heap before GC invocations=13 (full 1):
 PSYoungGen      total 56320K, used 53888K [0x00000000d5f80000, 0x00000000dac80000, 0x0000000100000000)
  eden space 50176K, 100% used [0x00000000d5f80000,0x00000000d9080000,0x00000000d9080000)
  from space 6144K, 60% used [0x00000000d9080000,0x00000000d94202d0,0x00000000d9680000)
  to   space 6144K, 0% used [0x00000000da680000,0x00000000da680000,0x00000000dac80000)
 ParOldGen       total 55808K, used 6426K [0x0000000081e00000, 0x0000000085480000, 0x00000000d5f80000)
  object space 55808K, 11% used [0x0000000081e00000,0x0000000082446890,0x0000000085480000)
 Metaspace       used 26236K, capacity 26468K, committed 26752K, reserved 1073152K
  class space    used 3331K, capacity 3417K, committed 3456K, reserved 1048576K
Event: 6.111 GC heap after
Heap after GC invocations=13 (full 1):
 PSYoungGen      total 72704K, used 2999K [0x00000000d5f80000, 0x00000000dac80000, 0x0000000100000000)
  eden space 66560K, 0% used [0x00000000d5f80000,0x00000000d5f80000,0x00000000da080000)
  from space 6144K, 48% used [0x00000000da680000,0x00000000da96dd48,0x00000000dac80000)
  to   space 6144K, 0% used [0x00000000da080000,0x00000000da080000,0x00000000da680000)
 ParOldGen       total 55808K, used 8379K [0x0000000081e00000, 0x0000000085480000, 0x00000000d5f80000)
  object space 55808K, 15% used [0x0000000081e00000,0x000000008262efd0,0x0000000085480000)
 Metaspace       used 26236K, capacity 26468K, committed 26752K, reserved 1073152K
  class space    used 3331K, capacity 3417K, committed 3456K, reserved 1048576K
}
Event: 41.185 GC heap before
{Heap before GC invocations=14 (full 1):
 PSYoungGen      total 72704K, used 69559K [0x00000000d5f80000, 0x00000000dac80000, 0x0000000100000000)
  eden space 66560K, 100% used [0x00000000d5f80000,0x00000000da080000,0x00000000da080000)
  from space 6144K, 48% used [0x00000000da680000,0x00000000da96dd48,0x00000000dac80000)
  to   space 6144K, 0% used [0x00000000da080000,0x00000000da080000,0x00000000da680000)
 ParOldGen       total 55808K, used 8379K [0x0000000081e00000, 0x0000000085480000, 0x00000000d5f80000)
  object space 55808K, 15% used [0x0000000081e00000,0x000000008262efd0,0x0000000085480000)
 Metaspace       used 31695K, capacity 31996K, committed 32384K, reserved 1077248K
  class space    used 4022K, capacity 4123K, committed 4224K, reserved 1048576K
Event: 41.190 GC heap after
Heap after GC invocations=14 (full 1):
 PSYoungGen      total 72704K, used 4437K [0x00000000d5f80000, 0x00000000dbe80000, 0x0000000100000000)
  eden space 66560K, 0% used [0x00000000d5f80000,0x00000000d5f80000,0x00000000da080000)
  from space 6144K, 72% used [0x00000000da080000,0x00000000da4d5698,0x00000000da680000)
  to   space 6144K, 0% used [0x00000000db880000,0x00000000db880000,0x00000000dbe80000)
 ParOldGen       total 55808K, used 9515K [0x0000000081e00000, 0x0000000085480000, 0x00000000d5f80000)
  object space 55808K, 17% used [0x0000000081e00000,0x000000008274ae80,0x0000000085480000)
 Metaspace       used 31695K, capacity 31996K, committed 32384K, reserved 1077248K
  class space    used 4022K, capacity 4123K, committed 4224K, reserved 1048576K
}

