# JRE version: OpenJDK Runtime Environment (8.0_202-b08) (build 1.8.0_202-b08)
# Java VM: OpenJDK 64-Bit Server VM (25.202-b08 mixed mode windows-amd64 compressed oops)
Heap:
 PSYoungGen      total 139776K, used 37800K [0x00000000d5f80000, 0x00000000e2780000, 0x0000000100000000)
  eden space 132096K, 22% used [0x00000000d5f80000,0x00000000d7cf0e60,0x00000000de080000)
  from space 7680K, 99% used [0x00000000de080000,0x00000000de7f9350,0x00000000de800000)
  to   space 9216K, 0% used [0x00000000e1e80000,0x00000000e1e80000,0x00000000e2780000)
 ParOldGen       total 51712K, used 8389K [0x0000000081e00000, 0x0000000085080000, 0x00000000d5f80000)
  object space 51712K, 16% used [0x0000000081e00000,0x00000000826317e0,0x0000000085080000)
 Metaspace       used 31051K, capacity 31278K, committed 31744K, reserved 1077248K
  class space    used 3955K, capacity 4042K, committed 4096K, reserved 1048576K
GC Heap History (10 events):
Event: 2.763 GC heap before
{Heap before GC invocations=6 (full 0):
 PSYoungGen      total 38400K, used 36982K [0x00000000d5f80000, 0x00000000da980000, 0x0000000100000000)
  eden space 33280K, 100% used [0x00000000d5f80000,0x00000000d8000000,0x00000000d8000000)
  from space 5120K, 72% used [0x00000000d8000000,0x00000000d839dbd0,0x00000000d8500000)
  to   space 4608K, 0% used [0x00000000da500000,0x00000000da500000,0x00000000da980000)
 ParOldGen       total 87552K, used 40K [0x0000000081e00000, 0x0000000087380000, 0x00000000d5f80000)
  object space 87552K, 0% used [0x0000000081e00000,0x0000000081e0a000,0x0000000087380000)
 Metaspace       used 12663K, capacity 12770K, committed 13056K, reserved 1060864K
  class space    used 1685K, capacity 1716K, committed 1792K, reserved 1048576K
Event: 2.775 GC heap after
Heap after GC invocations=6 (full 0):
 PSYoungGen      total 70656K, used 4345K [0x00000000d5f80000, 0x00000000daa80000, 0x0000000100000000)
  eden space 66048K, 0% used [0x00000000d5f80000,0x00000000d5f80000,0x00000000da000000)
  from space 4608K, 94% used [0x00000000da500000,0x00000000da93e790,0x00000000da980000)
  to   space 5120K, 0% used [0x00000000da000000,0x00000000da000000,0x00000000da500000)
 ParOldGen       total 87552K, used 48K [0x0000000081e00000, 0x0000000087380000, 0x00000000d5f80000)
  object space 87552K, 0% used [0x0000000081e00000,0x0000000081e0c000,0x0000000087380000)
 Metaspace       used 12663K, capacity 12770K, committed 13056K, reserved 1060864K
  class space    used 1685K, capacity 1716K, committed 1792K, reserved 1048576K
}
Event: 3.475 GC heap before
{Heap before GC invocations=7 (full 0):
 PSYoungGen      total 70656K, used 70393K [0x00000000d5f80000, 0x00000000daa80000, 0x0000000100000000)
  eden space 66048K, 100% used [0x00000000d5f80000,0x00000000da000000,0x00000000da000000)
  from space 4608K, 94% used [0x00000000da500000,0x00000000da93e790,0x00000000da980000)
  to   space 5120K, 0% used [0x00000000da000000,0x00000000da000000,0x00000000da500000)
 ParOldGen       total 87552K, used 48K [0x0000000081e00000, 0x0000000087380000, 0x00000000d5f80000)
  object space 87552K, 0% used [0x0000000081e00000,0x0000000081e0c000,0x0000000087380000)
 Metaspace       used 18816K, capacity 18966K, committed 19200K, reserved 1067008K
  class space    used 2399K, capacity 2460K, committed 2560K, reserved 1048576K
Event: 3.483 GC heap after
Heap after GC invocations=7 (full 0):
 PSYoungGen      total 71168K, used 5098K [0x00000000d5f80000, 0x00000000def80000, 0x0000000100000000)
  eden space 66048K, 0% used [0x00000000d5f80000,0x00000000d5f80000,0x00000000da000000)
  from space 5120K, 99% used [0x00000000da000000,0x00000000da4fab60,0x00000000da500000)
  to   space 7680K, 0% used [0x00000000de800000,0x00000000de800000,0x00000000def80000)
 ParOldGen       total 87552K, used 3847K [0x0000000081e00000, 0x0000000087380000, 0x00000000d5f80000)
  object space 87552K, 4% used [0x0000000081e00000,0x00000000821c1df0,0x0000000087380000)
 Metaspace       used 18816K, capacity 18966K, committed 19200K, reserved 1067008K
  class space    used 2399K, capacity 2460K, committed 2560K, reserved 1048576K
}
Event: 3.788 GC heap before
{Heap before GC invocations=8 (full 0):
 PSYoungGen      total 71168K, used 43691K [0x00000000d5f80000, 0x00000000def80000, 0x0000000100000000)
  eden space 66048K, 58% used [0x00000000d5f80000,0x00000000d8530460,0x00000000da000000)
  from space 5120K, 99% used [0x00000000da000000,0x00000000da4fab60,0x00000000da500000)
  to   space 7680K, 0% used [0x00000000de800000,0x00000000de800000,0x00000000def80000)
 ParOldGen       total 87552K, used 3847K [0x0000000081e00000, 0x0000000087380000, 0x00000000d5f80000)
  object space 87552K, 4% used [0x0000000081e00000,0x00000000821c1df0,0x0000000087380000)
 Metaspace       used 21009K, capacity 21192K, committed 21296K, reserved 1069056K
  class space    used 2647K, capacity 2687K, committed 2688K, reserved 1048576K
Event: 3.794 GC heap after
Heap after GC invocations=8 (full 0):
 PSYoungGen      total 139776K, used 5568K [0x00000000d5f80000, 0x00000000def80000, 0x0000000100000000)
  eden space 132096K, 0% used [0x00000000d5f80000,0x00000000d5f80000,0x00000000de080000)
  from space 7680K, 72% used [0x00000000de800000,0x00000000ded70158,0x00000000def80000)
  to   space 7680K, 0% used [0x00000000de080000,0x00000000de080000,0x00000000de800000)
 ParOldGen       total 87552K, used 4319K [0x0000000081e00000, 0x0000000087380000, 0x00000000d5f80000)
  object space 87552K, 4% used [0x0000000081e00000,0x0000000082237df0,0x0000000087380000)
 Metaspace       used 21009K, capacity 21192K, committed 21296K, reserved 1069056K
  class space    used 2647K, capacity 2687K, committed 2688K, reserved 1048576K
}
Event: 3.794 GC heap before
{Heap before GC invocations=9 (full 1):
 PSYoungGen      total 139776K, used 5568K [0x00000000d5f80000, 0x00000000def80000, 0x0000000100000000)
  eden space 132096K, 0% used [0x00000000d5f80000,0x00000000d5f80000,0x00000000de080000)
  from space 7680K, 72% used [0x00000000de800000,0x00000000ded70158,0x00000000def80000)
  to   space 7680K, 0% used [0x00000000de080000,0x00000000de080000,0x00000000de800000)
 ParOldGen       total 87552K, used 4319K [0x0000000081e00000, 0x0000000087380000, 0x00000000d5f80000)
  object space 87552K, 4% used [0x0000000081e00000,0x0000000082237df0,0x0000000087380000)
 Metaspace       used 21009K, capacity 21192K, committed 21296K, reserved 1069056K
  class space    used 2647K, capacity 2687K, committed 2688K, reserved 1048576K
Event: 3.815 GC heap after
Heap after GC invocations=9 (full 1):
 PSYoungGen      total 139776K, used 0K [0x00000000d5f80000, 0x00000000def80000, 0x0000000100000000)
  eden space 132096K, 0% used [0x00000000d5f80000,0x00000000d5f80000,0x00000000de080000)
  from space 7680K, 0% used [0x00000000de800000,0x00000000de800000,0x00000000def80000)
  to   space 7680K, 0% used [0x00000000de080000,0x00000000de080000,0x00000000de800000)
 ParOldGen       total 51712K, used 7324K [0x0000000081e00000, 0x0000000085080000, 0x00000000d5f80000)
  object space 51712K, 14% used [0x0000000081e00000,0x0000000082527018,0x0000000085080000)
 Metaspace       used 21009K, capacity 21192K, committed 21296K, reserved 1069056K
  class space    used 2647K, capacity 2687K, committed 2688K, reserved 1048576K
}
Event: 6.499 GC heap before
{Heap before GC invocations=10 (full 1):
 PSYoungGen      total 139776K, used 132096K [0x00000000d5f80000, 0x00000000def80000, 0x0000000100000000)
  eden space 132096K, 100% used [0x00000000d5f80000,0x00000000de080000,0x00000000de080000)
  from space 7680K, 0% used [0x00000000de800000,0x00000000de800000,0x00000000def80000)
  to   space 7680K, 0% used [0x00000000de080000,0x00000000de080000,0x00000000de800000)
 ParOldGen       total 51712K, used 7324K [0x0000000081e00000, 0x0000000085080000, 0x00000000d5f80000)
  object space 51712K, 14% used [0x0000000081e00000,0x0000000082527018,0x0000000085080000)
 Metaspace       used 29595K, capacity 29794K, committed 30208K, reserved 1075200K
  class space    used 3746K, capacity 3804K, committed 3840K, reserved 1048576K
Event: 6.507 GC heap after
Heap after GC invocations=10 (full 1):
 PSYoungGen      total 139776K, used 7652K [0x00000000d5f80000, 0x00000000e2780000, 0x0000000100000000)
  eden space 132096K, 0% used [0x00000000d5f80000,0x00000000d5f80000,0x00000000de080000)
  from space 7680K, 99% used [0x00000000de080000,0x00000000de7f9350,0x00000000de800000)
  to   space 9216K, 0% used [0x00000000e1e80000,0x00000000e1e80000,0x00000000e2780000)
 ParOldGen       total 51712K, used 8389K [0x0000000081e00000, 0x0000000085080000, 0x00000000d5f80000)
  object space 51712K, 16% used [0x0000000081e00000,0x00000000826317e0,0x0000000085080000)
 Metaspace       used 29595K, capacity 29794K, committed 30208K, reserved 1075200K
  class space    used 3746K, capacity 3804K, committed 3840K, reserved 1048576K
}

