# JRE version: OpenJDK Runtime Environment (8.0_202-b08) (build 1.8.0_202-b08)
# Java VM: OpenJDK 64-Bit Server VM (25.202-b08 mixed mode windows-amd64 compressed oops)
Heap:
 PSYoungGen      total 86016K, used 82790K [0x00000000d5f80000, 0x00000000db980000, 0x0000000100000000)
  eden space 79872K, 99% used [0x00000000d5f80000,0x00000000dad7ba60,0x00000000dad80000)
  from space 6144K, 47% used [0x00000000db380000,0x00000000db65df30,0x00000000db980000)
  to   space 6144K, 0% used [0x00000000dad80000,0x00000000dad80000,0x00000000db380000)
 ParOldGen       total 43008K, used 8575K [0x0000000081e00000, 0x0000000084800000, 0x00000000d5f80000)
  object space 43008K, 19% used [0x0000000081e00000,0x000000008265ff50,0x0000000084800000)
 Metaspace       used 33173K, capacity 33508K, committed 33664K, reserved 1079296K
  class space    used 4058K, capacity 4173K, committed 4224K, reserved 1048576K
GC Heap History (10 events):
Event: 139.855 GC heap before
{Heap before GC invocations=9 (full 0):
 PSYoungGen      total 36864K, used 36775K [0x00000000d5f80000, 0x00000000da980000, 0x0000000100000000)
  eden space 31232K, 100% used [0x00000000d5f80000,0x00000000d7e00000,0x00000000d7e00000)
  from space 5632K, 98% used [0x00000000d8400000,0x00000000d8969c20,0x00000000d8980000)
  to   space 6144K, 0% used [0x00000000d7e00000,0x00000000d7e00000,0x00000000d8400000)
 ParOldGen       total 87552K, used 2078K [0x0000000081e00000, 0x0000000087380000, 0x00000000d5f80000)
  object space 87552K, 2% used [0x0000000081e00000,0x0000000082007968,0x0000000087380000)
 Metaspace       used 20278K, capacity 20530K, committed 20864K, reserved 1067008K
  class space    used 2559K, capacity 2630K, committed 2688K, reserved 1048576K
Event: 139.859 GC heap after
Heap after GC invocations=9 (full 0):
 PSYoungGen      total 37376K, used 3892K [0x00000000d5f80000, 0x00000000d9c80000, 0x0000000100000000)
  eden space 31232K, 0% used [0x00000000d5f80000,0x00000000d5f80000,0x00000000d7e00000)
  from space 6144K, 63% used [0x00000000d7e00000,0x00000000d81cd238,0x00000000d8400000)
  to   space 6144K, 0% used [0x00000000d9680000,0x00000000d9680000,0x00000000d9c80000)
 ParOldGen       total 87552K, used 3593K [0x0000000081e00000, 0x0000000087380000, 0x00000000d5f80000)
  object space 87552K, 4% used [0x0000000081e00000,0x0000000082182500,0x0000000087380000)
 Metaspace       used 20278K, capacity 20530K, committed 20864K, reserved 1067008K
  class space    used 2559K, capacity 2630K, committed 2688K, reserved 1048576K
}
Event: 139.933 GC heap before
{Heap before GC invocations=10 (full 0):
 PSYoungGen      total 37376K, used 15632K [0x00000000d5f80000, 0x00000000d9c80000, 0x0000000100000000)
  eden space 31232K, 37% used [0x00000000d5f80000,0x00000000d6af70a0,0x00000000d7e00000)
  from space 6144K, 63% used [0x00000000d7e00000,0x00000000d81cd238,0x00000000d8400000)
  to   space 6144K, 0% used [0x00000000d9680000,0x00000000d9680000,0x00000000d9c80000)
 ParOldGen       total 87552K, used 3593K [0x0000000081e00000, 0x0000000087380000, 0x00000000d5f80000)
  object space 87552K, 4% used [0x0000000081e00000,0x0000000082182500,0x0000000087380000)
 Metaspace       used 20902K, capacity 21042K, committed 21248K, reserved 1067008K
  class space    used 2651K, capacity 2694K, committed 2816K, reserved 1048576K
Event: 139.935 GC heap after
Heap after GC invocations=10 (full 0):
 PSYoungGen      total 56320K, used 1773K [0x00000000d5f80000, 0x00000000d9c80000, 0x0000000100000000)
  eden space 50176K, 0% used [0x00000000d5f80000,0x00000000d5f80000,0x00000000d9080000)
  from space 6144K, 28% used [0x00000000d9680000,0x00000000d983b740,0x00000000d9c80000)
  to   space 6144K, 0% used [0x00000000d9080000,0x00000000d9080000,0x00000000d9680000)
 ParOldGen       total 87552K, used 5308K [0x0000000081e00000, 0x0000000087380000, 0x00000000d5f80000)
  object space 87552K, 6% used [0x0000000081e00000,0x000000008232f258,0x0000000087380000)
 Metaspace       used 20902K, capacity 21042K, committed 21248K, reserved 1067008K
  class space    used 2651K, capacity 2694K, committed 2816K, reserved 1048576K
}
Event: 139.935 GC heap before
{Heap before GC invocations=11 (full 1):
 PSYoungGen      total 56320K, used 1773K [0x00000000d5f80000, 0x00000000d9c80000, 0x0000000100000000)
  eden space 50176K, 0% used [0x00000000d5f80000,0x00000000d5f80000,0x00000000d9080000)
  from space 6144K, 28% used [0x00000000d9680000,0x00000000d983b740,0x00000000d9c80000)
  to   space 6144K, 0% used [0x00000000d9080000,0x00000000d9080000,0x00000000d9680000)
 ParOldGen       total 87552K, used 5308K [0x0000000081e00000, 0x0000000087380000, 0x00000000d5f80000)
  object space 87552K, 6% used [0x0000000081e00000,0x000000008232f258,0x0000000087380000)
 Metaspace       used 20902K, capacity 21042K, committed 21248K, reserved 1067008K
  class space    used 2651K, capacity 2694K, committed 2816K, reserved 1048576K
Event: 139.986 GC heap after
Heap after GC invocations=11 (full 1):
 PSYoungGen      total 56320K, used 0K [0x00000000d5f80000, 0x00000000d9c80000, 0x0000000100000000)
  eden space 50176K, 0% used [0x00000000d5f80000,0x00000000d5f80000,0x00000000d9080000)
  from space 6144K, 0% used [0x00000000d9680000,0x00000000d9680000,0x00000000d9c80000)
  to   space 6144K, 0% used [0x00000000d9080000,0x00000000d9080000,0x00000000d9680000)
 ParOldGen       total 43008K, used 6662K [0x0000000081e00000, 0x0000000084800000, 0x00000000d5f80000)
  object space 43008K, 15% used [0x0000000081e00000,0x0000000082481830,0x0000000084800000)
 Metaspace       used 20902K, capacity 21042K, committed 21248K, reserved 1067008K
  class space    used 2651K, capacity 2694K, committed 2816K, reserved 1048576K
}
Event: 140.799 GC heap before
{Heap before GC invocations=12 (full 1):
 PSYoungGen      total 56320K, used 50176K [0x00000000d5f80000, 0x00000000d9c80000, 0x0000000100000000)
  eden space 50176K, 100% used [0x00000000d5f80000,0x00000000d9080000,0x00000000d9080000)
  from space 6144K, 0% used [0x00000000d9680000,0x00000000d9680000,0x00000000d9c80000)
  to   space 6144K, 0% used [0x00000000d9080000,0x00000000d9080000,0x00000000d9680000)
 ParOldGen       total 43008K, used 6662K [0x0000000081e00000, 0x0000000084800000, 0x00000000d5f80000)
  object space 43008K, 15% used [0x0000000081e00000,0x0000000082481830,0x0000000084800000)
 Metaspace       used 24453K, capacity 24644K, committed 24960K, reserved 1071104K
  class space    used 3062K, capacity 3129K, committed 3200K, reserved 1048576K
Event: 140.802 GC heap after
Heap after GC invocations=12 (full 1):
 PSYoungGen      total 56320K, used 3754K [0x00000000d5f80000, 0x00000000db980000, 0x0000000100000000)
  eden space 50176K, 0% used [0x00000000d5f80000,0x00000000d5f80000,0x00000000d9080000)
  from space 6144K, 61% used [0x00000000d9080000,0x00000000d942ab88,0x00000000d9680000)
  to   space 6144K, 0% used [0x00000000db380000,0x00000000db380000,0x00000000db980000)
 ParOldGen       total 43008K, used 6670K [0x0000000081e00000, 0x0000000084800000, 0x00000000d5f80000)
  object space 43008K, 15% used [0x0000000081e00000,0x0000000082483830,0x0000000084800000)
 Metaspace       used 24453K, capacity 24644K, committed 24960K, reserved 1071104K
  class space    used 3062K, capacity 3129K, committed 3200K, reserved 1048576K
}
Event: 141.011 GC heap before
{Heap before GC invocations=13 (full 1):
 PSYoungGen      total 56320K, used 53930K [0x00000000d5f80000, 0x00000000db980000, 0x0000000100000000)
  eden space 50176K, 100% used [0x00000000d5f80000,0x00000000d9080000,0x00000000d9080000)
  from space 6144K, 61% used [0x00000000d9080000,0x00000000d942ab88,0x00000000d9680000)
  to   space 6144K, 0% used [0x00000000db380000,0x00000000db380000,0x00000000db980000)
 ParOldGen       total 43008K, used 6670K [0x0000000081e00000, 0x0000000084800000, 0x00000000d5f80000)
  object space 43008K, 15% used [0x0000000081e00000,0x0000000082483830,0x0000000084800000)
 Metaspace       used 26252K, capacity 26532K, committed 26752K, reserved 1073152K
  class space    used 3341K, capacity 3417K, committed 3456K, reserved 1048576K
Event: 141.014 GC heap after
Heap after GC invocations=13 (full 1):
 PSYoungGen      total 86016K, used 2935K [0x00000000d5f80000, 0x00000000db980000, 0x0000000100000000)
  eden space 79872K, 0% used [0x00000000d5f80000,0x00000000d5f80000,0x00000000dad80000)
  from space 6144K, 47% used [0x00000000db380000,0x00000000db65df30,0x00000000db980000)
  to   space 6144K, 0% used [0x00000000dad80000,0x00000000dad80000,0x00000000db380000)
 ParOldGen       total 43008K, used 8575K [0x0000000081e00000, 0x0000000084800000, 0x00000000d5f80000)
  object space 43008K, 19% used [0x0000000081e00000,0x000000008265ff50,0x0000000084800000)
 Metaspace       used 26252K, capacity 26532K, committed 26752K, reserved 1073152K
  class space    used 3341K, capacity 3417K, committed 3456K, reserved 1048576K
}

